<?xml version="1.0" encoding="UTF-8"?>
<!-- Generated by org.testng.reporters.JUnitReportReporter -->
<testsuite hostname="DESKTOP-RHUOBAP" failures="0" tests="2" name="testng.basics.AnootationsExample2" time="0.025" errors="0" timestamp="2025-11-04T15:34:53 IST" skipped="0">
  <testcase classname="testng.basics.AnootationsExample2" name="test1" time="0.005"/>
  <testcase classname="testng.basics.AnootationsExample2" name="test2" time="0.020"/>
</testsuite> <!-- testng.basics.AnootationsExample2 -->
